Watching for file changes with StatReloader
Performing system checks...

System check identified some issues:

WARNINGS:
todos.Todo: (models.W042) Auto-created primary key used when not defining a primary key type, by default 'django.db.models.AutoField'.
	HINT: Configure the DEFAULT_AUTO_FIELD setting or the TodosConfig.default_auto_field attribute to point to a subclass of AutoField, e.g. 'django.db.models.BigAutoField'.

System check identified 1 issue (0 silenced).
November 17, 2022 - 17:35:16
Django version 4.1.3, using settings 'todoApp.settings'
Starting development server at http://0.0.0.0:8000/
Quit the server with CONTROL-C.
[17/Nov/2022 17:35:42] "GET /static/css/style.css HTTP/1.1" 304 0
Not Found: /favicon.ico
[17/Nov/2022 17:35:43] "GET /favicon.ico HTTP/1.1" 404 2574
Not Found: /todos/24/update
[17/Nov/2022 17:35:45] "POST /todos/24/update HTTP/1.1" 404 2731
Watching for file changes with StatReloader
Performing system checks...

System check identified some issues:

WARNINGS:
todos.Todo: (models.W042) Auto-created primary key used when not defining a primary key type, by default 'django.db.models.AutoField'.
	HINT: Configure the DEFAULT_AUTO_FIELD setting or the TodosConfig.default_auto_field attribute to point to a subclass of AutoField, e.g. 'django.db.models.BigAutoField'.

System check identified 1 issue (0 silenced).
November 17, 2022 - 17:36:02
Django version 4.1.3, using settings 'todoApp.settings'
Starting development server at http://0.0.0.0:8000/
Quit the server with CONTROL-C.
Error: That port is already in use.
Watching for file changes with StatReloader
Performing system checks...

System check identified some issues:

WARNINGS:
todos.Todo: (models.W042) Auto-created primary key used when not defining a primary key type, by default 'django.db.models.AutoField'.
	HINT: Configure the DEFAULT_AUTO_FIELD setting or the TodosConfig.default_auto_field attribute to point to a subclass of AutoField, e.g. 'django.db.models.BigAutoField'.

System check identified 1 issue (0 silenced).
November 17, 2022 - 17:36:42
Django version 4.1.3, using settings 'todoApp.settings'
Starting development server at http://0.0.0.0:8000/
Quit the server with CONTROL-C.
Error: That port is already in use.
[17/Nov/2022 17:37:13] "GET / HTTP/1.1" 302 0
[17/Nov/2022 17:37:13] "GET /todos/ HTTP/1.1" 200 2957
Watching for file changes with StatReloader
Performing system checks...

System check identified some issues:

WARNINGS:
todos.Todo: (models.W042) Auto-created primary key used when not defining a primary key type, by default 'django.db.models.AutoField'.
	HINT: Configure the DEFAULT_AUTO_FIELD setting or the TodosConfig.default_auto_field attribute to point to a subclass of AutoField, e.g. 'django.db.models.BigAutoField'.

System check identified 1 issue (0 silenced).
November 17, 2022 - 17:38:29
Django version 4.1.3, using settings 'todoApp.settings'
Starting development server at http://0.0.0.0:8000/
Quit the server with CONTROL-C.
[17/Nov/2022 17:38:36] "GET /todos/ HTTP/1.1" 200 2957
[17/Nov/2022 17:38:36] "GET /static/css/style.css HTTP/1.1" 304 0
[17/Nov/2022 17:38:44] "POST /todos/add/ HTTP/1.1" 302 0
[17/Nov/2022 17:38:44] "GET /todos/ HTTP/1.1" 200 3542
[17/Nov/2022 17:46:38] code 400, message Bad HTTP/0.9 request type ('\x16\x03\x01\x00{\x01\x00\x00w\x03\x03å\x8bómµ\x07eOoú±ùü(Æºæ6&·ûý\x03G#½øúghø!\x00\x00\x1aÀ/À+À\x11À\x07À\x13À')
[17/Nov/2022 17:46:38] You're accessing the development server over HTTPS, but it only supports HTTP.
